c:\users\пкк\documents\visual studio 2013\projects\filesystem\filesystem\debug\vc120.pdb
c:\users\пкк\documents\visual studio 2013\projects\filesystem\filesystem\debug\vc120.idb
c:\users\пкк\documents\visual studio 2013\projects\filesystem\filesystem\debug\filedescriptor.obj
c:\users\пкк\documents\visual studio 2013\projects\filesystem\filesystem\debug\inputoutput.obj
c:\users\пкк\documents\visual studio 2013\projects\filesystem\filesystem\debug\monitor.obj
c:\users\пкк\documents\visual studio 2013\projects\filesystem\filesystem\debug\commands_ns.obj
c:\users\пкк\documents\visual studio 2013\projects\filesystem\filesystem\debug\create_fs.obj
c:\users\пкк\documents\visual studio 2013\projects\filesystem\filesystem\debug\filesystem.obj
c:\users\пкк\documents\visual studio 2013\projects\filesystem\filesystem\debug\fileiterator.obj
c:\users\пкк\documents\visual studio 2013\projects\filesystem\filesystem\debug\application.obj
c:\users\пкк\documents\visual studio 2013\projects\filesystem\filesystem\debug\io.obj
c:\users\пкк\documents\visual studio 2013\projects\filesystem\debug\filesystem.pdb
c:\users\пкк\documents\visual studio 2013\projects\filesystem\debug\filesystem.exe
c:\users\пкк\documents\visual studio 2013\projects\filesystem\debug\filesystem.ilk
c:\users\пкк\documents\visual studio 2013\projects\filesystem\filesystem\debug\filesystem.tlog\cl.command.1.tlog
c:\users\пкк\documents\visual studio 2013\projects\filesystem\filesystem\debug\filesystem.tlog\cl.read.1.tlog
c:\users\пкк\documents\visual studio 2013\projects\filesystem\filesystem\debug\filesystem.tlog\cl.write.1.tlog
c:\users\пкк\documents\visual studio 2013\projects\filesystem\filesystem\debug\filesystem.tlog\link.command.1.tlog
c:\users\пкк\documents\visual studio 2013\projects\filesystem\filesystem\debug\filesystem.tlog\link.read.1.tlog
c:\users\пкк\documents\visual studio 2013\projects\filesystem\filesystem\debug\filesystem.tlog\link.write.1.tlog
